{"name": "test_TC363_398_No_permitir_campos_vacios[invalid_payload4-solo dato invalido.-400]", "status": "skipped", "statusDetails": {"message": "XFAIL known issue La app permite espacios vacios y campos invalidos BUG\n\nAssertionError: Esperado status 400, obtenido 422\nassert 422 == 400\n +  where 422 = <Response [422]>.status_code", "trace": "setup_edit_tax_category = ({'Authorization': 'Bearer eyJ0eXAiOiJKV1QiLCJhbGciOiJSUzI1NiJ9.eyJpYXQiOjE3NjI1MzkwMDAsImV4cCI6MTc2MjU0MjYwMCwicm9sZX...xts/TaxCategory', '@id': '/api/v2/admin/tax-categories/TAX-617893', '@type': 'TaxCategory', 'code': 'TAX-617893', ...})\ninvalid_payload = {'name': '+'}, expected_error = 'solo dato invalido.', expected_status = 400\n\n    @pytest.mark.high\n    @pytest.mark.negative\n    @pytest.mark.functional\n    @pytest.mark.xfail(reason=\"known issue La app permite espacios vacios y campos invalidos BUG\", run=True)\n    @pytest.mark.parametrize(\"invalid_payload,expected_error,expected_status\", [\n        ({\"name\": \"\"}, \"Please enter tax category name.\", 422),\n        ({\"name\": \"   \"}, None, 422), #en este caso deberia de fallar pero manda como bien con 200\n        ({\"name\": None}, \"The type of the \\\"name\\\" attribute must be \\\"string\\\"\", 400),\n        ({\"name\": \"VÃ¡lido\", \"description\": \"\"}, None, 200),\n        ({\"name\": \"+\"}, \"solo dato invalido.\", 400) #no ingresar con semantica incorrecta\n    ])\n    def test_TC363_398_No_permitir_campos_vacios(setup_edit_tax_category, invalid_payload, expected_error, expected_status):\n        headers, tax_category_data = setup_edit_tax_category\n        url = EndpointTaxCategory.code(tax_category_data[\"code\"])\n        initial_response = SyliusRequest.get(url, headers)\n        initial_data = initial_response.json()\n        log_request_response(url, initial_response, headers)\n        response = SyliusRequest.put(url, headers, invalid_payload)\n        log_request_response(url, response, headers, invalid_payload)\n>       assert response.status_code == expected_status, f\"Esperado status {expected_status}, obtenido {response.status_code}\"\nE       AssertionError: Esperado status 400, obtenido 422\nE       assert 422 == 400\nE        +  where 422 = <Response [422]>.status_code\n\ntests/configuration/tax_categories/test_PUT_TaxCategory.py:79: AssertionError"}, "attachments": [{"name": "log", "source": "fe3f850c-a514-4438-90ab-264d1565b1b5-attachment.txt", "type": "text/plain"}], "parameters": [{"name": "invalid_payload", "value": "{'name': '+'}"}, {"name": "expected_error", "value": "'solo dato invalido.'"}, {"name": "expected_status", "value": "400"}], "start": 1762539061683, "stop": 1762539062799, "uuid": "d7908847-8cef-4694-b0c5-71accc3712bb", "historyId": "94ff1fab15cdbc3e219682b6d0c30345", "testCaseId": "a1e84cf2150b6a5828fd6fe5f37f8c53", "fullName": "tests.configuration.tax_categories.test_PUT_TaxCategory#test_TC363_398_No_permitir_campos_vacios", "labels": [{"name": "tag", "value": "functional"}, {"name": "tag", "value": "negative"}, {"name": "tag", "value": "high"}, {"name": "parentSuite", "value": "tests.configuration.tax_categories"}, {"name": "suite", "value": "test_PUT_TaxCategory"}, {"name": "host", "value": "wifiguti.local"}, {"name": "thread", "value": "52663-MainThread"}, {"name": "framework", "value": "pytest"}, {"name": "language", "value": "cpython3"}, {"name": "package", "value": "tests.configuration.tax_categories.test_PUT_TaxCategory"}], "titlePath": ["tests", "configuration", "tax_categories", "test_PUT_TaxCategory.py"]}