{"uid":"4735573cafbf4c7f","name":"test_TC363_398_No_permitir_campos_vacios[invalid_payload1-None-422]","fullName":"tests.configuration.tax_categories.test_PUT_TaxCategory#test_TC363_398_No_permitir_campos_vacios","historyId":"6c48f3d557e074ba46e01b80079dc84e","time":{"start":1762823699321,"stop":1762823699820,"duration":499},"status":"skipped","statusMessage":"XFAIL known issue La app permite espacios vacios y campos invalidos BUG\n\nAssertionError: Esperado status 422, obtenido 200\nassert 200 == 422\n +  where 200 = <Response [200]>.status_code","statusTrace":"setup_edit_tax_category = ({'Authorization': 'Bearer eyJ0eXAiOiJKV1QiLCJhbGciOiJSUzI1NiJ9.eyJpYXQiOjE3NjI4MjM2NzQsImV4cCI6MTc2MjgyNzI3NCwicm9sZX...xts/TaxCategory', '@id': '/api/v2/admin/tax-categories/TAX-3fa7ac', '@type': 'TaxCategory', 'code': 'TAX-3fa7ac', ...})\ninvalid_payload = {'name': '   '}, expected_error = None, expected_status = 422\n\n    @pytest.mark.negative\n    @pytest.mark.functional\n    @pytest.mark.xfail(reason=\"known issue La app permite espacios vacios y campos invalidos BUG\", run=True)\n    @pytest.mark.parametrize(\"invalid_payload,expected_error,expected_status\", [\n        ({\"name\": \"\"}, \"Please enter tax category name.\", 422),\n        ({\"name\": \"   \"}, None, 422), #en este caso deberia de fallar pero manda como bien con 200\n        ({\"name\": None}, \"The type of the \\\"name\\\" attribute must be \\\"string\\\"\", 400),\n        ({\"name\": \"Válido\", \"description\": \"\"}, None, 200),\n        ({\"name\": \"+\"}, \"solo dato invalido.\", 400) #no ingresar con semantica incorrecta\n    ])\n    def test_TC363_398_No_permitir_campos_vacios(setup_edit_tax_category, invalid_payload, expected_error, expected_status):\n        headers, tax_category_data = setup_edit_tax_category\n        url = EndpointTaxCategory.code(tax_category_data[\"code\"])\n        initial_response = SyliusRequest.get(url, headers)\n        initial_data = initial_response.json()\n        log_request_response(url, initial_response, headers)\n        response = SyliusRequest.put(url, headers, invalid_payload)\n        log_request_response(url, response, headers, invalid_payload)\n>       assert response.status_code == expected_status, f\"Esperado status {expected_status}, obtenido {response.status_code}\"\nE       AssertionError: Esperado status 422, obtenido 200\nE       assert 200 == 422\nE        +  where 200 = <Response [200]>.status_code\n\ntests/configuration/tax_categories/test_PUT_TaxCategory.py:78: AssertionError","flaky":false,"newFailed":false,"newBroken":false,"newPassed":false,"retriesCount":0,"retriesStatusChange":false,"beforeStages":[{"name":"_session_faker","time":{"start":1762823673962,"stop":1762823673963,"duration":1},"status":"passed","steps":[],"attachments":[],"parameters":[],"shouldDisplayMessage":false,"stepsCount":0,"attachmentsCount":0,"hasContent":false,"attachmentStep":false},{"name":"auth_headers","time":{"start":1762823673963,"stop":1762823674522,"duration":559},"status":"passed","steps":[],"attachments":[],"parameters":[],"shouldDisplayMessage":false,"stepsCount":0,"attachmentsCount":0,"hasContent":false,"attachmentStep":false},{"name":"setup_edit_tax_category","time":{"start":1762823699062,"stop":1762823699320,"duration":258},"status":"passed","steps":[],"attachments":[],"parameters":[],"shouldDisplayMessage":false,"stepsCount":0,"attachmentsCount":0,"hasContent":false,"attachmentStep":false}],"testStage":{"status":"skipped","statusMessage":"XFAIL known issue La app permite espacios vacios y campos invalidos BUG\n\nAssertionError: Esperado status 422, obtenido 200\nassert 200 == 422\n +  where 200 = <Response [200]>.status_code","statusTrace":"setup_edit_tax_category = ({'Authorization': 'Bearer eyJ0eXAiOiJKV1QiLCJhbGciOiJSUzI1NiJ9.eyJpYXQiOjE3NjI4MjM2NzQsImV4cCI6MTc2MjgyNzI3NCwicm9sZX...xts/TaxCategory', '@id': '/api/v2/admin/tax-categories/TAX-3fa7ac', '@type': 'TaxCategory', 'code': 'TAX-3fa7ac', ...})\ninvalid_payload = {'name': '   '}, expected_error = None, expected_status = 422\n\n    @pytest.mark.negative\n    @pytest.mark.functional\n    @pytest.mark.xfail(reason=\"known issue La app permite espacios vacios y campos invalidos BUG\", run=True)\n    @pytest.mark.parametrize(\"invalid_payload,expected_error,expected_status\", [\n        ({\"name\": \"\"}, \"Please enter tax category name.\", 422),\n        ({\"name\": \"   \"}, None, 422), #en este caso deberia de fallar pero manda como bien con 200\n        ({\"name\": None}, \"The type of the \\\"name\\\" attribute must be \\\"string\\\"\", 400),\n        ({\"name\": \"Válido\", \"description\": \"\"}, None, 200),\n        ({\"name\": \"+\"}, \"solo dato invalido.\", 400) #no ingresar con semantica incorrecta\n    ])\n    def test_TC363_398_No_permitir_campos_vacios(setup_edit_tax_category, invalid_payload, expected_error, expected_status):\n        headers, tax_category_data = setup_edit_tax_category\n        url = EndpointTaxCategory.code(tax_category_data[\"code\"])\n        initial_response = SyliusRequest.get(url, headers)\n        initial_data = initial_response.json()\n        log_request_response(url, initial_response, headers)\n        response = SyliusRequest.put(url, headers, invalid_payload)\n        log_request_response(url, response, headers, invalid_payload)\n>       assert response.status_code == expected_status, f\"Esperado status {expected_status}, obtenido {response.status_code}\"\nE       AssertionError: Esperado status 422, obtenido 200\nE       assert 200 == 422\nE        +  where 200 = <Response [200]>.status_code\n\ntests/configuration/tax_categories/test_PUT_TaxCategory.py:78: AssertionError","steps":[],"attachments":[{"uid":"e910520fed0fb7fc","name":"log","source":"e910520fed0fb7fc.txt","type":"text/plain","size":4014}],"parameters":[],"shouldDisplayMessage":true,"stepsCount":0,"attachmentsCount":1,"hasContent":true,"attachmentStep":false},"afterStages":[{"name":"setup_edit_tax_category::0","time":{"start":1762823699828,"stop":1762823700084,"duration":256},"status":"passed","steps":[],"attachments":[],"parameters":[],"shouldDisplayMessage":false,"stepsCount":0,"attachmentsCount":0,"hasContent":false,"attachmentStep":false}],"labels":[{"name":"tag","value":"functional"},{"name":"tag","value":"negative"},{"name":"parentSuite","value":"tests.configuration.tax_categories"},{"name":"suite","value":"test_PUT_TaxCategory"},{"name":"host","value":"runnervmw9dnm"},{"name":"thread","value":"2231-MainThread"},{"name":"framework","value":"pytest"},{"name":"language","value":"cpython3"},{"name":"package","value":"tests.configuration.tax_categories.test_PUT_TaxCategory"},{"name":"resultFormat","value":"allure2"}],"parameters":[{"name":"expected_error","value":"None"},{"name":"expected_status","value":"422"},{"name":"invalid_payload","value":"{'name': '   '}"}],"links":[],"hidden":false,"retry":false,"extra":{"severity":"normal","retries":[],"categories":[],"tags":["functional","negative"]},"source":"4735573cafbf4c7f.json","parameterValues":["None","422","{'name': '   '}"]}