{"uid":"f8bce4498723134e","name":"test_TC192_verificar_parametros_itemsPerPage_malformados","fullName":"tests.customer.groups.test_GET_Customer_Group#test_TC192_verificar_parametros_itemsPerPage_malformados","historyId":"8cc25acb893bfe7932fd715fcc851989","time":{"start":1762552695926,"stop":1762552696073,"duration":147},"status":"skipped","statusMessage":"XFAIL Known issue BugId: CG-02 No controla los par치metros itemsPerPage malformados\n\nAssertionError","statusTrace":"setup_teardown_view_customer_group = ({'Authorization': 'Bearer eyJ0eXAiOiJKV1QiLCJhbGciOiJSUzI1NiJ9.eyJpYXQiOjE3NjI1NTI2NDQsImV4cCI6MTc2MjU1NjI0NCwicm9sZX...: '/api/v2/admin/customer-groups/test_552694_b0e32a17', '@type': 'CustomerGroup', 'code': 'test_552694_b0e32a17', ...})\n\n    @pytest.mark.negative\n    @pytest.mark.xfail(reason=\"Known issue BugId: CG-02 No controla los par치metros itemsPerPage malformados\", run=True)\n    @pytest.mark.functional\n    def test_TC192_verificar_parametros_itemsPerPage_malformados(setup_teardown_view_customer_group):\n        headers, _, _ = setup_teardown_view_customer_group\n        malformed_param = \"xyz\"\n        endpoint = EndpointCustomerGroup.customer_group() + f\"?page=1&itemsPerPage={malformed_param}\"\n        response = SyliusRequest.get(endpoint, headers)\n        log_request_response(endpoint, response, headers=headers)\n>       AssertionStatusCode.assert_status_code_400(response)\n\ntests/customer/groups/test_GET_Customer_Group.py:109: \n_ _ _ _ _ _ _ _ _ _ _ _ _ _ _ _ _ _ _ _ _ _ _ _ _ _ _ _ _ _ _ _ _ _ _ _ _ _ _ _ \n\nresponse = <Response [200]>\n\n    @staticmethod\n    def assert_status_code_400(response):\n>       assert response.status_code == 400\n               ^^^^^^^^^^^^^^^^^^^^^^^^^^^\nE       AssertionError\n\nsrc/assertions/status_code_assertions.py:23: AssertionError","flaky":false,"newFailed":false,"newBroken":false,"newPassed":false,"retriesCount":0,"retriesStatusChange":false,"beforeStages":[{"name":"_session_faker","time":{"start":1762552643620,"stop":1762552643621,"duration":1},"status":"passed","steps":[],"attachments":[],"parameters":[],"shouldDisplayMessage":false,"stepsCount":0,"attachmentsCount":0,"hasContent":false,"attachmentStep":false},{"name":"auth_headers","time":{"start":1762552643621,"stop":1762552644153,"duration":532},"status":"passed","steps":[],"attachments":[],"parameters":[],"shouldDisplayMessage":false,"stepsCount":0,"attachmentsCount":0,"hasContent":false,"attachmentStep":false},{"name":"setup_teardown_view_customer_group","time":{"start":1762552694766,"stop":1762552695050,"duration":284},"status":"passed","steps":[],"attachments":[],"parameters":[],"shouldDisplayMessage":false,"stepsCount":0,"attachmentsCount":0,"hasContent":false,"attachmentStep":false}],"testStage":{"status":"skipped","statusMessage":"XFAIL Known issue BugId: CG-02 No controla los par치metros itemsPerPage malformados\n\nAssertionError","statusTrace":"setup_teardown_view_customer_group = ({'Authorization': 'Bearer eyJ0eXAiOiJKV1QiLCJhbGciOiJSUzI1NiJ9.eyJpYXQiOjE3NjI1NTI2NDQsImV4cCI6MTc2MjU1NjI0NCwicm9sZX...: '/api/v2/admin/customer-groups/test_552694_b0e32a17', '@type': 'CustomerGroup', 'code': 'test_552694_b0e32a17', ...})\n\n    @pytest.mark.negative\n    @pytest.mark.xfail(reason=\"Known issue BugId: CG-02 No controla los par치metros itemsPerPage malformados\", run=True)\n    @pytest.mark.functional\n    def test_TC192_verificar_parametros_itemsPerPage_malformados(setup_teardown_view_customer_group):\n        headers, _, _ = setup_teardown_view_customer_group\n        malformed_param = \"xyz\"\n        endpoint = EndpointCustomerGroup.customer_group() + f\"?page=1&itemsPerPage={malformed_param}\"\n        response = SyliusRequest.get(endpoint, headers)\n        log_request_response(endpoint, response, headers=headers)\n>       AssertionStatusCode.assert_status_code_400(response)\n\ntests/customer/groups/test_GET_Customer_Group.py:109: \n_ _ _ _ _ _ _ _ _ _ _ _ _ _ _ _ _ _ _ _ _ _ _ _ _ _ _ _ _ _ _ _ _ _ _ _ _ _ _ _ \n\nresponse = <Response [200]>\n\n    @staticmethod\n    def assert_status_code_400(response):\n>       assert response.status_code == 400\n               ^^^^^^^^^^^^^^^^^^^^^^^^^^^\nE       AssertionError\n\nsrc/assertions/status_code_assertions.py:23: AssertionError","steps":[],"attachments":[{"uid":"5022068267d80029","name":"log","source":"5022068267d80029.txt","type":"text/plain","size":2778}],"parameters":[],"shouldDisplayMessage":true,"stepsCount":0,"attachmentsCount":1,"hasContent":true,"attachmentStep":false},"afterStages":[{"name":"setup_teardown_view_customer_group::0","time":{"start":1762552696224,"stop":1762552696502,"duration":278},"status":"passed","steps":[],"attachments":[],"parameters":[],"shouldDisplayMessage":false,"stepsCount":0,"attachmentsCount":0,"hasContent":false,"attachmentStep":false}],"labels":[{"name":"tag","value":"functional"},{"name":"tag","value":"negative"},{"name":"parentSuite","value":"tests.customer.groups"},{"name":"suite","value":"test_GET_Customer_Group"},{"name":"host","value":"runnervmw9dnm"},{"name":"thread","value":"2118-MainThread"},{"name":"framework","value":"pytest"},{"name":"language","value":"cpython3"},{"name":"package","value":"tests.customer.groups.test_GET_Customer_Group"},{"name":"resultFormat","value":"allure2"}],"parameters":[],"links":[],"hidden":false,"retry":false,"extra":{"severity":"normal","retries":[],"categories":[],"tags":["functional","negative"]},"source":"f8bce4498723134e.json","parameterValues":[]}